Parsing CSV...
Reading file: ../tmp/breast_cancer_diag.data
Done!
Rows read: 569
Columns: 31
Column names:
0: 0
1: 1
2: 2
3: 3
4: 4
5: 5
6: 6
7: 7
8: 8
9: 9
10: 10
11: 11
12: 12
13: 13
14: 14
15: 15
16: 16
17: 17
18: 18
19: 19
20: 20
21: 21
22: 22
23: 23
24: 24
25: 25
26: 26
27: 27
28: 28
29: 29
30: 30

Done!
Splitting into training and test...
Done!
Constructing data matrices...
Done!
Training random forest...
Done!
Training score: 1.0
Test score: 0.9722222222222222
Fitting Gaussian mixture with 100 components...
Done!
Sampling 2000 points
Done! Sampled 2000 points
Generating internal node with number of samples 2000...
Done!
Generating leaf with number of samples 2000...
Done!
Current mass: 1.0000000000000004
Sampling 2000 test points
Done! Sampled 2000 test points
Computed internal score: 0.9475000000000005
Computed leaf score: 0.6345000000000003
Internal node index: 0
Sampling 2000 points
Done! Sampled 2000 points
Generating internal node with number of samples 2000...
Done!
Generating leaf with number of samples 2000...
Done!
Current mass: 0.6469072134995455
Sampling 2000 test points
Done! Sampled 2000 test points
Computed internal score: 0.6155322136448176
Computed leaf score: 0.6142383992178184
Sampling 2000 points
Done! Sampled 2000 points
Generating internal node with number of samples 2000...
Done!
Generating leaf with number of samples 2000...
Done!
Current mass: 0.3530927865004551
Sampling 2000 test points
Done! Sampled 2000 test points
Computed internal score: 0.33685051832143414
Computed leaf score: 0.33685051832143414
Current gain: 0.31300000000000017
Current score: 0.9475000000000005
Current size: 3
Internal node index: 1
Sampling 2000 points
Done! Sampled 2000 points
Generating internal node with number of samples 2000...
Done!
Generating leaf with number of samples 2000...
Done!
Current mass: 0.6193933828483338
Sampling 2000 test points
Done! Sampled 2000 test points
Computed internal score: 0.6063861218085188
Computed leaf score: 0.6057667284256705
Sampling 2000 points
Done! Sampled 2000 points
Generating internal node with number of samples 2000...
Done!
Generating leaf with number of samples 2000...
Done!
Current mass: 0.02751383065121158
Sampling 2000 test points
Done! Sampled 2000 test points
Computed internal score: 0.021942279944341236
Computed leaf score: 0.01506382228153834
Current gain: 0.0012938144269991625
Current score: 0.9487938144269996
Current size: 5
Internal node index: 4
Sampling 2000 points
Done! Sampled 2000 points
Generating internal node with number of samples 2000...
Done!
Generating leaf with number of samples 2000...
Done!
Current mass: 0.01036714173314771
Sampling 2000 test points
Done! Sampled 2000 test points
Computed internal score: 0.00867211405977806
Computed leaf score: 0.00867211405977806
Sampling 2000 points
Done! Sampled 2000 points
Generating internal node with number of samples 2000...
Done!
Generating leaf with number of samples 2000...
Done!
Current mass: 0.017146688918063868
Sampling 2000 test points
Done! Sampled 2000 test points
Computed internal score: 0.013794511234582382
Computed leaf score: 0.013228670500286274
Current gain: 0.006878457662802895
Current score: 0.9556722720898025
Current size: 7
Internal node index: 3
Sampling 2000 points
Done! Sampled 2000 points
Generating internal node with number of samples 2000...
Done!
Generating leaf with number of samples 2000...
Done!
Current mass: 0.6165753352059065
Sampling 2000 test points
Done! Sampled 2000 test points
Computed internal score: 0.6051686915045972
Computed leaf score: 0.6051686915045972
Sampling 2000 points
Done! Sampled 2000 points
Generating internal node with number of samples 2000...
Done!
Generating leaf with number of samples 2000...
Done!
Current mass: 0.0028180476424273866
Sampling 2000 test points
Done! Sampled 2000 test points
Computed internal score: 0.002794094237466754
Computed leaf score: 0.0025334248305422208
Current gain: 0.0006193933828483322
Current score: 0.9562916654726509
Current size: 9
Internal node index: 10
Sampling 2000 points
Done! Sampled 2000 points
Generating internal node with number of samples 2000...
Done!
Generating leaf with number of samples 2000...
Done!
Current mass: 0.0041110237966625884
Sampling 2000 test points
Done! Sampled 2000 test points
Computed internal score: 0.0031223225735652355
Computed leaf score: 0.002363838683080988
Sampling 2000 points
Done! Sampled 2000 points
Generating internal node with number of samples 2000...
Done!
Generating leaf with number of samples 2000...
Done!
Current mass: 0.013035665121401281
Sampling 2000 test points
Done! Sampled 2000 test points
Computed internal score: 0.011523527967318732
Computed leaf score: 0.011523527967318732
Current gain: 0.000565840734296108
Current score: 0.956857506206947
Current size: 11
Internal node index: 21
Sampling 2000 points
Done! Sampled 2000 points
Generating internal node with number of samples 2000...
Done!
Generating leaf with number of samples 2000...
Done!
Current mass: 0.002466729700771717
Sampling 2000 test points
Done! Sampled 2000 test points
Computed internal score: 0.0019487164636096566
Computed leaf score: 0.0019487164636096566
Sampling 2000 points
Done! Sampled 2000 points
Generating internal node with number of samples 2000...
Done!
Generating leaf with number of samples 2000...
Done!
Current mass: 0.0016442940958908718
Sampling 2000 test points
Done! Sampled 2000 test points
Computed internal score: 0.0012817272477469346
Computed leaf score: 0.0012291098366784268
Current gain: 0.0007584838904842474
Current score: 0.9576159900974313
Current size: 13
Internal node index: 8
Sampling 2000 points
Done! Sampled 2000 points
Generating internal node with number of samples 2000...
Done!
Generating leaf with number of samples 2000...
Done!
Current mass: 0.0003031553753929731
Sampling 2000 test points
Done! Sampled 2000 test points
Computed internal score: 0.0002817829214277685
Computed leaf score: 0.0002817829214277685
Sampling 2000 points
Done! Sampled 2000 points
Generating internal node with number of samples 2000...
Done!
Invalid internal node, node count: 1
Generating leaf with number of samples 2000...
Done!
Current mass: 0.002514892267034413
Sampling 2000 test points
Done! Sampled 2000 test points
Computed internal score: 0.0025123773747673787
Computed leaf score: 0.0025123773747673787
Current gain: 0.0002606694069245334
Current score: 0.9578766595043557
Current size: 15
Internal node index: 44
Sampling 2000 points
Done! Sampled 2000 points
Generating internal node with number of samples 2000...
Done!
Generating leaf with number of samples 2000...
Done!
Current mass: 0.0005605101146810485
Sampling 2000 test points
Done! Sampled 2000 test points
Computed internal score: 0.00044252273554068775
Computed leaf score: 0.00031276464399202506
Sampling 2000 points
Done! Sampled 2000 points
Generating internal node with number of samples 2000...
Done!
Generating leaf with number of samples 2000...
Done!
Current mass: 0.001083783981209823
Sampling 2000 test points
Done! Sampled 2000 test points
Computed internal score: 0.0009840758549385193
Computed leaf score: 0.0009840758549385193
Current gain: 5.261741106850782e-05
Current score: 0.9579292769154243
Current size: 17
Internal node index: 89
Sampling 2000 points
Done! Sampled 2000 points
Generating internal node with number of samples 2000...
Done!
Generating leaf with number of samples 2000...
Done!
Current mass: 0.0003800967493661549
Sampling 2000 test points
Done! Sampled 2000 test points
Computed internal score: 0.0002826019331537362
Computed leaf score: 0.00028792328764486234
Sampling 2000 points
Done! Sampled 2000 points
Generating internal node with number of samples 2000...
Done!
Generating leaf with number of samples 2000...
Done!
Current mass: 0.00018041336531489363
Sampling 2000 test points
Done! Sampled 2000 test points
Computed internal score: 0.00016444678248452553
Computed leaf score: 0.00015849314142913406
Current gain: 0.0001297580915486627
Current score: 0.958059035006973
Current size: 19
Internal node index: 180
Sampling 2000 points
Done! Sampled 2000 points
Generating internal node with number of samples 2000...
Done!
Generating leaf with number of samples 2000...
Done!
Current mass: 1.8268606602840978e-05
Sampling 2000 test points
Done! Sampled 2000 test points
Computed internal score: 1.5080734750645229e-05
Computed leaf score: 1.2970710688017094e-05
Sampling 2000 points
Done! Sampled 2000 points
Generating internal node with number of samples 2000...
Done!
Generating leaf with number of samples 2000...
Done!
Current mass: 0.00016214475871205265
Sampling 2000 test points
Done! Sampled 2000 test points
Computed internal score: 0.00015047033608478488
Computed leaf score: 0.00015047033608478488
Current gain: 5.953641055391471e-06
Current score: 0.9580649886480284
Current size: 21
Internal node index: 361
Sampling 2000 points
Done! Sampled 2000 points
Generating internal node with number of samples 2000...
Done!
Generating leaf with number of samples 2000...
Done!
Current mass: 5.788635910206198e-06
Sampling 2000 test points
Done! Sampled 2000 test points
Computed internal score: 4.552762143377175e-06
Computed leaf score: 4.112825814201504e-06
Sampling 2000 points
Done! Sampled 2000 points
Generating internal node with number of samples 2000...
Done!
Generating leaf with number of samples 2000...
Done!
Current mass: 1.2479970692634777e-05
Sampling 2000 test points
Done! Sampled 2000 test points
Computed internal score: 1.1132133857830222e-05
Computed leaf score: 1.1132133857830222e-05
Current gain: 2.1100240626281346e-06
Current score: 0.9580670986720909
Current size: 23
Internal node index: 723
Sampling 2000 points
Done! Sampled 2000 points
Generating internal node with number of samples 2000...
Done!
Generating leaf with number of samples 2000...
Done!
Current mass: 5.046123470135631e-06
Sampling 2000 test points
Done! Sampled 2000 test points
Computed internal score: 3.90317650414991e-06
Computed leaf score: 3.90317650414991e-06
Sampling 2000 points
Done! Sampled 2000 points
Generating internal node with number of samples 2000...
Done!
Generating leaf with number of samples 2000...
Done!
Current mass: 7.425124400705664e-07
Sampling 2000 test points
Done! Sampled 2000 test points
Computed internal score: 6.411594920009342e-07
Computed leaf score: 6.125727630582173e-07
Current gain: 4.39936329175671e-07
Current score: 0.9580675386084201
Current size: 25
Internal node index: 1448
Sampling 2000 points
Done! Sampled 2000 points
Generating internal node with number of samples 2000...
Done!
Generating leaf with number of samples 2000...
Done!
Current mass: 6.885375825947889e-07
Sampling 2000 test points
Done! Sampled 2000 test points
Computed internal score: 6.124541797180646e-07
Computed leaf score: 6.004047720226559e-07
Sampling 2000 points
Done! Sampled 2000 points
Generating internal node with number of samples 2000...
Done!
Generating leaf with number of samples 2000...
Done!
Current mass: 5.3974857475777675e-08
Sampling 2000 test points
Done! Sampled 2000 test points
Computed internal score: 4.369264712664203e-08
Computed leaf score: 4.0670055107998475e-08
Current gain: 2.858672894271692e-08
Current score: 0.9580675671951491
Current size: 27
Internal node index: 2897
Sampling 2000 points
Done! Sampled 2000 points
Generating internal node with number of samples 2000...
Done!
Generating leaf with number of samples 2000...
Done!
Current mass: 6.506455308444796e-07
Sampling 2000 test points
Done! Sampled 2000 test points
Computed internal score: 5.953406607226988e-07
Computed leaf score: 5.953406607226988e-07
Sampling 2000 points
Done! Sampled 2000 points
Generating internal node with number of samples 2000...
Done!
Generating leaf with number of samples 2000...
Done!
Current mass: 3.7892051750309156e-08
Sampling 2000 test points
Done! Sampled 2000 test points
Computed internal score: 2.847587689035733e-08
Computed leaf score: 2.2166850273930853e-08
Current gain: 1.204940769540878e-08
Current score: 0.9580675792445568
Current size: 29
Internal node index: 5796
Sampling 2000 points
Done! Sampled 2000 points
Generating internal node with number of samples 2000...
Done!
Generating leaf with number of samples 2000...
Done!
Current mass: 2.951608094474864e-08
Sampling 2000 test points
Done! Sampled 2000 test points
Computed internal score: 2.144343280635989e-08
Computed leaf score: 2.144343280635989e-08
Sampling 2000 points
Done! Sampled 2000 points
Generating internal node with number of samples 2000...
Done!
Generating leaf with number of samples 2000...
Done!
Current mass: 8.375970805560524e-09
Sampling 2000 test points
Done! Sampled 2000 test points
Computed internal score: 6.9813716664346965e-09
Computed leaf score: 6.910175914587432e-09
Current gain: 6.309026616426476e-09
Current score: 0.9580675855535834
Current size: 31
Reached maximum size, ending!
Leaf node index: 2898
Leaf node index: 11594
Leaf node index: 9
Leaf node index: 90
Leaf node index: 11593
Leaf node index: 1447
Leaf node index: 724
Leaf node index: 43
Leaf node index: 22
Leaf node index: 17
Leaf node index: 5795
Leaf node index: 7
Leaf node index: 362
Leaf node index: 2
Leaf node index: 18
Leaf node index: 179
Decision tree:
(x[22] <= 110.761474609375
    (x[27] <= 0.16700103878974915
        (x[10] <= 0.9527494609355927
            1
            (x[12] <= 5.087482690811157
                1
                0))
        (x[23] <= 666.9494323730469
            1
            (x[24] <= 0.1345071643590927
                (x[23] <= 782.0196533203125
                    1
                    (x[12] <= 2.4786529541015625
                        (x[20] <= 17.07703685760498
                            1
                            (x[23] <= 857.6330261230469
                                (x[3] <= 646.7257690429688
                                    (x[0] <= 14.647398471832275
                                        0
                                        (x[25] <= 0.3774907737970352
                                            (x[27] <= 0.2016947865486145
                                                1
                                                (x[0] <= 14.762547969818115
                                                    0
                                                    1))
                                            0))
                                    1)
                                0))
                        0))
                0)))
    0)
Node count: 31
Relative training score: 0.9523809523809523
Relative test score: 0.9674418604651163
Training score: 0.9523809523809523
Test score: 0.9395348837209302
Training greedy decision tree
Done!
Node count: 31
Relative training score: 0.9979959919839679
Relative test score: 0.9861751152073732
Training score: 0.9979959919839679
Test score: 0.9585253456221199
rfTrainScore: 1.0
rfTestScore: 0.9722222222222222
dtExtractRelTrainScore: 0.9523809523809523
dtExtractRelTestScore: 0.9674418604651163
dtExtractTrainScore: 0.9523809523809523
dtExtractTestScore: 0.9395348837209302
dtTrainRelTrainScore: 0.9979959919839679
dtTrainRelTestScore: 0.9861751152073732
dtTrainTrainScore: 0.9979959919839679
dtTrainTestScore: 0.9585253456221199
