Parsing CSV...
Reading file: res/tmp/conflicts.csv
Dataset shape: (10000, 20)
Columns after: 22
Column names after:
0: path_similarity
1: time
2: negation
3: synonyms
4: hierarchy_targets
5: hierarchy_traffics
6: endpoints
7: num_endpoints
8: services
9: num_services
10: groups
11: num_groups
12: traffics
13: num_traffics
14: protocols
15: num_protocols
16: middleboxes
17: num_middleboxes
18: conflict
19: qos_0
20: qos_1
21: qos_nan

Done!
Splitting into training and test...
Done!
Constructing data matrices...
i:0 df.columns[i]:path_similarity
i:1 df.columns[i]:time
i:2 df.columns[i]:negation
i:3 df.columns[i]:synonyms
i:4 df.columns[i]:hierarchy_targets
i:5 df.columns[i]:hierarchy_traffics
i:6 df.columns[i]:endpoints
i:7 df.columns[i]:num_endpoints
i:8 df.columns[i]:services
i:9 df.columns[i]:num_services
i:10 df.columns[i]:groups
i:11 df.columns[i]:num_groups
i:12 df.columns[i]:traffics
i:13 df.columns[i]:num_traffics
i:14 df.columns[i]:protocols
i:15 df.columns[i]:num_protocols
i:16 df.columns[i]:middleboxes
i:17 df.columns[i]:num_middleboxes
i:18 df.columns[i]:conflict
i:19 df.columns[i]:qos_0
i:19 df.columns[i]:qos_0 catFeat:qos
i:20 df.columns[i]:qos_1
i:20 df.columns[i]:qos_1 catFeat:qos
i:21 df.columns[i]:qos_nan
i:21 df.columns[i]:qos_nan catFeat:qos
i:0 df.columns[i]:path_similarity
i:1 df.columns[i]:time
i:2 df.columns[i]:negation
i:3 df.columns[i]:synonyms
i:4 df.columns[i]:hierarchy_targets
i:5 df.columns[i]:hierarchy_traffics
i:6 df.columns[i]:endpoints
i:7 df.columns[i]:num_endpoints
i:8 df.columns[i]:services
i:9 df.columns[i]:num_services
i:10 df.columns[i]:groups
i:11 df.columns[i]:num_groups
i:12 df.columns[i]:traffics
i:13 df.columns[i]:num_traffics
i:14 df.columns[i]:protocols
i:15 df.columns[i]:num_protocols
i:16 df.columns[i]:middleboxes
i:17 df.columns[i]:num_middleboxes
i:18 df.columns[i]:conflict
i:19 df.columns[i]:qos_0
i:19 df.columns[i]:qos_0 catFeat:qos
i:20 df.columns[i]:qos_1
i:20 df.columns[i]:qos_1 catFeat:qos
i:21 df.columns[i]:qos_nan
i:21 df.columns[i]:qos_nan catFeat:qos
Done!
Training random forest...
