Parsing CSV...
Reading file: ../tmp/wine.data
Done!
Rows read: 178
Columns: 14
Column names:
0: 0
1: 1
2: 2
3: 3
4: 4
5: 5
6: 6
7: 7
8: 8
9: 9
10: 10
11: 11
12: 12
13: 13

Done!
Splitting into training and test...
Done!
Constructing data matrices...
Done!
Training random forest...
Done!
Training score: 1.0
Test score: 0.972972972972973
Fitting Gaussian mixture with 100 components...
Done!
Sampling 2000 points
Done! Sampled 2000 points
Generating internal node with number of samples 2000...
Done!
Generating leaf with number of samples 2000...
Done!
Current mass: 1.0000000000000018
Sampling 2000 test points
Done! Sampled 2000 test points
Computed internal score: 0.6880000000000012
Computed leaf score: 0.42600000000000077
Internal node index: 0
Sampling 2000 points
Done! Sampled 2000 points
Generating internal node with number of samples 2000...
Done!
Generating leaf with number of samples 2000...
Done!
Current mass: 0.6290322580645172
Sampling 2000 test points
Done! Sampled 2000 test points
Computed internal score: 0.5761935483870978
Computed leaf score: 0.38150806451612973
Sampling 2000 points
Done! Sampled 2000 points
Generating internal node with number of samples 2000...
Done!
Generating leaf with number of samples 2000...
Done!
Current mass: 0.37096774193548454
Sampling 2000 test points
Done! Sampled 2000 test points
Computed internal score: 0.3366532258064522
Computed leaf score: 0.311612903225807
Current gain: 0.2620000000000004
Current score: 0.6880000000000012
Current size: 3
Internal node index: 1
Sampling 2000 points
Done! Sampled 2000 points
Generating internal node with number of samples 2000...
Done!
Generating leaf with number of samples 2000...
Done!
Current mass: 0.25882152360588667
Sampling 2000 test points
Done! Sampled 2000 test points
Computed internal score: 0.2496333595178777
Computed leaf score: 0.22491590401351552
Sampling 2000 points
Done! Sampled 2000 points
Generating internal node with number of samples 2000...
Done!
Generating leaf with number of samples 2000...
Done!
Current mass: 0.3702107344586305
Sampling 2000 test points
Done! Sampled 2000 test points
Computed internal score: 0.3566980426508905
Computed leaf score: 0.34892361722725923
Current gain: 0.19468548387096807
Current score: 0.8826854838709692
Current size: 5
Internal node index: 2
Sampling 2000 points
Done! Sampled 2000 points
Generating internal node with number of samples 2000...
Done!
Generating leaf with number of samples 2000...
Done!
Current mass: 0.044281352987725925
Sampling 2000 test points
Done! Sampled 2000 test points
Computed internal score: 0.04169089383794396
Computed leaf score: 0.025838169468338078
Sampling 2000 points
Done! Sampled 2000 points
Generating internal node with number of samples 2000...
Done!
Generating leaf with number of samples 2000...
Done!
Current mass: 0.3266863889477586
Sampling 2000 test points
Done! Sampled 2000 test points
Computed internal score: 0.3188459156130124
Computed leaf score: 0.3121488446395833
Current gain: 0.025040322580645202
Current score: 0.9077258064516145
Current size: 7
Internal node index: 3
Sampling 2000 points
Done! Sampled 2000 points
Generating internal node with number of samples 2000...
Done!
Generating leaf with number of samples 2000...
Done!
Current mass: 0.2216828714957241
Sampling 2000 test points
Done! Sampled 2000 test points
Computed internal score: 0.21835762842328824
Computed leaf score: 0.21835762842328824
Sampling 2000 points
Done! Sampled 2000 points
Generating internal node with number of samples 2000...
Done!
Generating leaf with number of samples 2000...
Done!
Current mass: 0.0371386521101626
Sampling 2000 test points
Done! Sampled 2000 test points
Computed internal score: 0.03401900533290895
Computed leaf score: 0.030880789229600206
Current gain: 0.02471745550436219
Current score: 0.9324432619559767
Current size: 9
Internal node index: 5
Sampling 2000 points
Done! Sampled 2000 points
Generating internal node with number of samples 2000...
Done!
Generating leaf with number of samples 2000...
Done!
Current mass: 0.028151958051684974
Sampling 2000 test points
Done! Sampled 2000 test points
Computed internal score: 0.027082183645720945
Computed leaf score: 0.025378990183594
Sampling 2000 points
Done! Sampled 2000 points
Generating internal node with number of samples 2000...
Done!
Invalid internal node, node count: 1
Generating leaf with number of samples 2000...
Done!
Current mass: 0.01612939493604095
Sampling 2000 test points
Done! Sampled 2000 test points
Computed internal score: 0.01612939493604095
Computed leaf score: 0.01612939493604095
Current gain: 0.01585272436960588
Current score: 0.9482959863255825
Current size: 11
Internal node index: 4
Sampling 2000 points
Done! Sampled 2000 points
Generating internal node with number of samples 2000...
Done!
Generating leaf with number of samples 2000...
Done!
Current mass: 0.3556879665812399
Sampling 2000 test points
Done! Sampled 2000 test points
Computed internal score: 0.35355383878175245
Computed leaf score: 0.3443059516506402
Sampling 2000 points
Done! Sampled 2000 points
Generating internal node with number of samples 2000...
Done!
Generating leaf with number of samples 2000...
Done!
Current mass: 0.014522767877390558
Sampling 2000 test points
Done! Sampled 2000 test points
Computed internal score: 0.01142941831950637
Computed leaf score: 0.009004116083982145
Current gain: 0.00777442542363127
Current score: 0.9560704117492138
Current size: 13
Internal node index: 9
Sampling 2000 points
Done! Sampled 2000 points
Generating internal node with number of samples 2000...
Done!
Generating leaf with number of samples 2000...
Done!
Current mass: 0.00989057445925215
Sampling 2000 test points
Done! Sampled 2000 test points
Computed internal score: 0.009564185502096829
Computed leaf score: 0.008782830119815909
Sampling 2000 points
Done! Sampled 2000 points
Generating internal node with number of samples 2000...
Done!
Generating leaf with number of samples 2000...
Done!
Current mass: 0.3457973921219878
Sampling 2000 test points
Done! Sampled 2000 test points
Computed internal score: 0.3451057973377438
Computed leaf score: 0.3454515947298658
Current gain: 0.009247887131112242
Current score: 0.965318298880326
Current size: 15
Internal node index: 6
Sampling 2000 points
Done! Sampled 2000 points
Generating internal node with number of samples 2000...
Done!
Invalid internal node, node count: 1
Generating leaf with number of samples 2000...
Done!
Current mass: 0.008064562765152692
Sampling 2000 test points
Done! Sampled 2000 test points
Computed internal score: 0.008064562765152692
Computed leaf score: 0.008064562765152692
Sampling 2000 points
Done! Sampled 2000 points
Generating internal node with number of samples 2000...
Done!
Generating leaf with number of samples 2000...
Done!
Current mass: 0.31862182618260587
Sampling 2000 test points
Done! Sampled 2000 test points
Computed internal score: 0.31766596070405806
Computed leaf score: 0.3100190368756755
Current gain: 0.006697070973429087
Current score: 0.9720153698537551
Current size: 17
Internal node index: 14
Sampling 2000 points
Done! Sampled 2000 points
Generating internal node with number of samples 2000...
Done!
Generating leaf with number of samples 2000...
Done!
Current mass: 0.31055731005357357
Sampling 2000 test points
Done! Sampled 2000 test points
Computed internal score: 0.3096256381234128
Computed leaf score: 0.3096256381234128
Sampling 2000 points
Done! Sampled 2000 points
Generating internal node with number of samples 2000...
Done!
Invalid internal node, node count: 1
Generating leaf with number of samples 2000...
Done!
Current mass: 0.008064516129032275
Sampling 2000 test points
Done! Sampled 2000 test points
Computed internal score: 0.008064516129032275
Computed leaf score: 0.008064516129032275
Current gain: 0.007646923828382557
Current score: 0.9796622936821378
Current size: 19
Internal node index: 8
Sampling 2000 points
Done! Sampled 2000 points
Generating internal node with number of samples 2000...
Done!
Generating leaf with number of samples 2000...
Done!
Current mass: 0.029933579801027316
Sampling 2000 test points
Done! Sampled 2000 test points
Computed internal score: 0.028781136978687765
Computed leaf score: 0.028781136978687765
Sampling 2000 points
Done! Sampled 2000 points
Generating internal node with number of samples 2000...
Done!
Generating leaf with number of samples 2000...
Done!
Current mass: 0.007205072309135288
Sampling 2000 test points
Done! Sampled 2000 test points
Computed internal score: 0.0062431951558657274
Computed leaf score: 0.005223677424123084
Current gain: 0.0031382161033087427
Current score: 0.9828005097854465
Current size: 21
Internal node index: 10
Sampling 2000 points
Done! Sampled 2000 points
Generating internal node with number of samples 2000...
Done!
Generating leaf with number of samples 2000...
Done!
Current mass: 0.0064582517409683335
Sampling 2000 test points
Done! Sampled 2000 test points
Computed internal score: 0.004746815029611725
Computed leaf score: 0.0030708987028304426
Sampling 2000 points
Done! Sampled 2000 points
Generating internal node with number of samples 2000...
Done!
Invalid internal node, node count: 1
Generating leaf with number of samples 2000...
Done!
Current mass: 0.008064516136422223
Sampling 2000 test points
Done! Sampled 2000 test points
Computed internal score: 0.008064516136422223
Computed leaf score: 0.008064516136422223
Current gain: 0.002425302235524224
Current score: 0.9852258120209707
Current size: 23
Internal node index: 11
Sampling 2000 points
Done! Sampled 2000 points
Generating internal node with number of samples 2000...
Done!
Generating leaf with number of samples 2000...
Done!
Current mass: 0.02649178872365723
Sampling 2000 test points
Done! Sampled 2000 test points
Computed internal score: 0.025100969815665227
Computed leaf score: 0.025100969815665227
Sampling 2000 points
Done! Sampled 2000 points
Generating internal node with number of samples 2000...
Done!
Generating leaf with number of samples 2000...
Done!
Current mass: 0.001660169328027742
Sampling 2000 test points
Done! Sampled 2000 test points
Computed internal score: 0.0016410773807554232
Computed leaf score: 0.001633606618779298
Current gain: 0.001703193462126943
Current score: 0.9869290054830977
Current size: 25
Internal node index: 21
Sampling 2000 points
Done! Sampled 2000 points
Generating internal node with number of samples 2000...
Done!
Generating leaf with number of samples 2000...
Done!
Current mass: 0.0021514396046824922
Sampling 2000 test points
Done! Sampled 2000 test points
Computed internal score: 0.0020600034214834865
Computed leaf score: 0.0018964940115276168
Sampling 2000 points
Done! Sampled 2000 points
Generating internal node with number of samples 2000...
Done!
Generating leaf with number of samples 2000...
Done!
Current mass: 0.004306812136285842
Sampling 2000 test points
Done! Sampled 2000 test points
Computed internal score: 0.0028661834766982278
Computed leaf score: 0.0028661834766982278
Current gain: 0.0016759163267812825
Current score: 0.988604921809879
Current size: 27
Internal node index: 18
Sampling 2000 points
Done! Sampled 2000 points
Generating internal node with number of samples 2000...
Done!
Generating leaf with number of samples 2000...
Done!
Current mass: 0.004470482400161775
Sampling 2000 test points
Done! Sampled 2000 test points
Computed internal score: 0.004327426963356598
Computed leaf score: 0.004327426963356598
Sampling 2000 points
Done! Sampled 2000 points
Generating internal node with number of samples 2000...
Done!
Generating leaf with number of samples 2000...
Done!
Current mass: 0.0027345899089735145
Sampling 2000 test points
Done! Sampled 2000 test points
Computed internal score: 0.0022136505313140598
Computed leaf score: 0.0018964381018731322
Current gain: 0.0010195177317426432
Current score: 0.9896244395416217
Current size: 29
Internal node index: 19
Sampling 2000 points
Done! Sampled 2000 points
Generating internal node with number of samples 2000...
Done!
Generating leaf with number of samples 2000...
Done!
Current mass: 0.0014050909697237456
Sampling 2000 test points
Done! Sampled 2000 test points
Computed internal score: 0.0012456131446601005
Computed leaf score: 0.001082622592172146
Sampling 2000 points
Done! Sampled 2000 points
Generating internal node with number of samples 2000...
Done!
Generating leaf with number of samples 2000...
Done!
Current mass: 0.008485483489528402
Sampling 2000 test points
Done! Sampled 2000 test points
Computed internal score: 0.008468512522549345
Computed leaf score: 0.00842184236335694
Current gain: 0.0007813553822809197
Current score: 0.9904057949239027
Current size: 31
Reached maximum size, ending!
Leaf node index: 38
Leaf node index: 43
Leaf node index: 39
Leaf node index: 40
Leaf node index: 24
Leaf node index: 7
Leaf node index: 44
Leaf node index: 23
Leaf node index: 37
Leaf node index: 30
Leaf node index: 29
Leaf node index: 13
Leaf node index: 22
Leaf node index: 17
Leaf node index: 12
Leaf node index: 20
Decision tree:
(x[12] <= 760.0001525878906
    (x[11] <= 2.0736981630325317
        (x[10] <= 0.9348625540733337
            2
            (x[9] <= 4.712932825088501
                1
                (x[6] <= 1.4291813373565674
                    2
                    1)))
        (x[0] <= 13.218676090240479
            (x[6] <= 0.7542691826820374
                (x[0] <= 12.79354190826416
                    1
                    2)
                1)
            (x[4] <= 112.46839904785156
                (x[6] <= 1.394110918045044
                    2
                    1)
                0)))
    (x[0] <= 12.704026222229004
        (x[1] <= 2.781955599784851
            (x[12] <= 975.4605407714844
                1
                0)
            2)
        (x[10] <= 0.6975462138652802
            2
            (x[4] <= 131.50006484985352
                0
                1))))
Node count: 31
Relative training score: 0.9902912621359222
Relative test score: 0.9473684210526316
Training score: 0.9902912621359222
Test score: 0.9230769230769231
Training greedy decision tree
Done!
Node count: 11
Relative training score: 1.0
Relative test score: 0.9473684210526316
Training score: 1.0
Test score: 0.9230769230769231
rfTrainScore: 1.0
rfTestScore: 0.972972972972973
dtExtractRelTrainScore: 0.9902912621359222
dtExtractRelTestScore: 0.9473684210526316
dtExtractTrainScore: 0.9902912621359222
dtExtractTestScore: 0.9230769230769231
dtTrainRelTrainScore: 1.0
dtTrainRelTestScore: 0.9473684210526316
dtTrainTrainScore: 1.0
dtTrainTestScore: 0.9230769230769231
