Parsing CSV...
Reading file: ../tmp/conflicts.csv
Done!
Rows read: 10000
Columns after: 22
Column names after:
0: 0
1: 2
2: 3
3: 4
4: 5
5: 6
6: 7
7: 8
8: 9
9: 10
10: 11
11: 12
12: 13
13: 14
14: 15
15: 16
16: 17
17: 18
18: 19
19: 1_0
20: 1_1
21: 1_nan

Done!
Splitting into training and test...
Done!
Constructing data matrices...
Done!
Training random forest...
Done!
Training score: 0.9413525649748266
Test score: 0.9043151969981237
Fitting Gaussian mixture with 100 components...
Done!
Sampling 2000 points
Done! Sampled 2000 points
Generating internal node with number of samples 2000...
Done!
Generating leaf with number of samples 2000...
Done!
Current mass: 1.0000000000000002
Sampling 2000 test points
Done! Sampled 2000 test points
Computed internal score: 0.7635000000000002
Computed leaf score: 0.5550000000000002
Internal node index: 0
Sampling 2000 points
Done! Sampled 2000 points
Generating internal node with number of samples 2000...
Done!
Generating leaf with number of samples 2000...
Done!
Current mass: 0.2832857142857143
Sampling 2000 test points
Done! Sampled 2000 test points
Computed internal score: 0.2719542857142857
Computed leaf score: 0.2488665
Sampling 2000 points
Done! Sampled 2000 points
Generating internal node with number of samples 2000...
Done!
Generating leaf with number of samples 2000...
Done!
Current mass: 0.7167142857142859
Sampling 2000 test points
Done! Sampled 2000 test points
Computed internal score: 0.5529450714285715
Computed leaf score: 0.526426642857143
Current gain: 0.20850000000000002
Current score: 0.7635000000000002
Current size: 3
Internal node index: 2
Sampling 2000 points
Done! Sampled 2000 points
Generating internal node with number of samples 2000...
Done!
Generating leaf with number of samples 2000...
Done!
Current mass: 0.4236606895773862
Sampling 2000 test points
Done! Sampled 2000 test points
Computed internal score: 0.39718189647879953
Computed leaf score: 0.3946399323413352
Sampling 2000 points
Done! Sampled 2000 points
Generating internal node with number of samples 2000...
Done!
Generating leaf with number of samples 2000...
Done!
Current mass: 0.29305359613689974
Sampling 2000 test points
Done! Sampled 2000 test points
Computed internal score: 0.19473411463296988
Computed leaf score: 0.1610329510772264
Current gain: 0.0265184285714285
Current score: 0.7900184285714287
Current size: 5
Internal node index: 6
Sampling 2000 points
Done! Sampled 2000 points
Generating internal node with number of samples 2000...
Done!
Generating leaf with number of samples 2000...
Done!
Current mass: 0.03211134363555799
Sampling 2000 test points
Done! Sampled 2000 test points
Computed internal score: 0.031998953932833536
Computed leaf score: 0.031998953932833536
Sampling 2000 points
Done! Sampled 2000 points
Generating internal node with number of samples 2000...
Done!
Generating leaf with number of samples 2000...
Done!
Current mass: 0.2609422525013418
Sampling 2000 test points
Done! Sampled 2000 test points
Computed internal score: 0.16321937893958927
Computed leaf score: 0.1600880719095732
Current gain: 0.033701163555743485
Current score: 0.8237195921271722
Current size: 7
Internal node index: 1
Sampling 2000 points
Done! Sampled 2000 points
Generating internal node with number of samples 2000...
Done!
Invalid internal node, node count: 1
Generating leaf with number of samples 2000...
Done!
Current mass: 0.02373126814352587
Sampling 2000 test points
Done! Sampled 2000 test points
Computed internal score: 0.02373126814352587
Computed leaf score: 0.02373126814352587
Sampling 2000 points
Done! Sampled 2000 points
Generating internal node with number of samples 2000...
Done!
Generating leaf with number of samples 2000...
Done!
Current mass: 0.2595544461421884
Sampling 2000 test points
Done! Sampled 2000 test points
Computed internal score: 0.2490424910734298
Computed leaf score: 0.2490424910734298
Current gain: 0.023087785714285713
Current score: 0.8468073778414579
Current size: 9
Internal node index: 14
Sampling 2000 points
Done! Sampled 2000 points
Generating internal node with number of samples 2000...
Done!
Generating leaf with number of samples 2000...
Done!
Current mass: 0.19308496359874328
Sampling 2000 test points
Done! Sampled 2000 test points
Computed internal score: 0.1678873758491073
Computed leaf score: 0.09924567128975405
Sampling 2000 points
Done! Sampled 2000 points
Generating internal node with number of samples 2000...
Done!
Generating leaf with number of samples 2000...
Done!
Current mass: 0.06785728890259848
Sampling 2000 test points
Done! Sampled 2000 test points
Computed internal score: 0.06643228583564391
Computed leaf score: 0.06643228583564391
Current gain: 0.003131307030016073
Current score: 0.849938684871474
Current size: 11
Internal node index: 29
Sampling 2000 points
Done! Sampled 2000 points
Generating internal node with number of samples 2000...
Done!
Generating leaf with number of samples 2000...
Done!
Current mass: 0.09491051821633839
Sampling 2000 test points
Done! Sampled 2000 test points
Computed internal score: 0.08779222935011302
Computed leaf score: 0.08437545069432482
Sampling 2000 points
Done! Sampled 2000 points
Generating internal node with number of samples 2000...
Done!
Generating leaf with number of samples 2000...
Done!
Current mass: 0.09817444538240486
Sampling 2000 test points
Done! Sampled 2000 test points
Computed internal score: 0.08310466801620571
Computed leaf score: 0.08310466801620571
Current gain: 0.06864170455935324
Current score: 0.9185803894308272
Current size: 13
Internal node index: 59
Sampling 2000 points
Done! Sampled 2000 points
Generating internal node with number of samples 2000...
Done!
Generating leaf with number of samples 2000...
Done!
Current mass: 0.08893615646059694
Sampling 2000 test points
Done! Sampled 2000 test points
Computed internal score: 0.08217700856959158
Computed leaf score: 0.08217700856959158
Sampling 2000 points
Done! Sampled 2000 points
Generating internal node with number of samples 2000...
Done!
Generating leaf with number of samples 2000...
Done!
Current mass: 0.005974361755741438
Sampling 2000 test points
Done! Sampled 2000 test points
Computed internal score: 0.005409784569823872
Computed leaf score: 0.005239515259785241
Current gain: 0.003416778655788197
Current score: 0.9219971680866154
Current size: 15
Internal node index: 5
Sampling 2000 points
Done! Sampled 2000 points
Generating internal node with number of samples 2000...
Done!
Generating leaf with number of samples 2000...
Done!
Current mass: 0.3942130975009809
Sampling 2000 test points
Done! Sampled 2000 test points
Computed internal score: 0.3792329997959436
Computed leaf score: 0.3792329997959436
Sampling 2000 points
Done! Sampled 2000 points
Generating internal node with number of samples 2000...
Done!
Generating leaf with number of samples 2000...
Done!
Current mass: 0.029447592076405245
Sampling 2000 test points
Done! Sampled 2000 test points
Computed internal score: 0.020201048164414
Computed leaf score: 0.01712377479242965
Current gain: 0.0025419641374643254
Current score: 0.9245391322240797
Current size: 17
Internal node index: 12
Sampling 2000 points
Done! Sampled 2000 points
Generating internal node with number of samples 2000...
Done!
Generating leaf with number of samples 2000...
Done!
Current mass: 0.0061392569224734996
Sampling 2000 test points
Done! Sampled 2000 test points
Computed internal score: 0.004675044146463569
Computed leaf score: 0.004675044146463569
Sampling 2000 points
Done! Sampled 2000 points
Generating internal node with number of samples 2000...
Done!
Generating leaf with number of samples 2000...
Done!
Current mass: 0.02330833515393175
Sampling 2000 test points
Done! Sampled 2000 test points
Computed internal score: 0.015803051234365727
Computed leaf score: 0.015803051234365727
Current gain: 0.003077273371984348
Current score: 0.9276164055960641
Current size: 19
Internal node index: 120
Sampling 2000 points
Done! Sampled 2000 points
Generating internal node with number of samples 2000...
Done!
Generating leaf with number of samples 2000...
Done!
Current mass: 0.0057711699445781965
Sampling 2000 test points
Done! Sampled 2000 test points
Computed internal score: 0.005295048424150495
Computed leaf score: 0.005254650234538448
Sampling 2000 points
Done! Sampled 2000 points
Generating internal node with number of samples 2000...
Done!
Generating leaf with number of samples 2000...
Done!
Current mass: 0.00020319181116324237
Sampling 2000 test points
Done! Sampled 2000 test points
Computed internal score: 0.00018571731540320354
Computed leaf score: 0.00018388858910273434
Current gain: 0.00017026931003863086
Current score: 0.9277866749061027
Current size: 21
Internal node index: 241
Sampling 2000 points
Done! Sampled 2000 points
Generating internal node with number of samples 2000...
Done!
Generating leaf with number of samples 2000...
Done!
Current mass: 0.0005680306280102019
Sampling 2000 test points
Done! Sampled 2000 test points
Computed internal score: 0.0004072779602833147
Computed leaf score: 0.0002965119878213254
Sampling 2000 points
Done! Sampled 2000 points
Generating internal node with number of samples 2000...
Done!
Generating leaf with number of samples 2000...
Done!
Current mass: 0.005203139316567996
Sampling 2000 test points
Done! Sampled 2000 test points
Computed internal score: 0.0049611933383475835
Computed leaf score: 0.0049611933383475835
Current gain: 4.039818961204707e-05
Current score: 0.9278270730957148
Current size: 23
Internal node index: 483
Sampling 2000 points
Done! Sampled 2000 points
Generating internal node with number of samples 2000...
Done!
Generating leaf with number of samples 2000...
Done!
Current mass: 0.00042376513236016107
Sampling 2000 test points
Done! Sampled 2000 test points
Computed internal score: 0.0003349863371307073
Computed leaf score: 0.0002712096847105031
Sampling 2000 points
Done! Sampled 2000 points
Generating internal node with number of samples 2000...
Done!
Generating leaf with number of samples 2000...
Done!
Current mass: 0.00014426549565004076
Sampling 2000 test points
Done! Sampled 2000 test points
Computed internal score: 0.00012644870693726072
Computed leaf score: 0.00012644870693726072
Current gain: 0.00011076597246198933
Current score: 0.9279378390681767
Current size: 25
Internal node index: 967
Sampling 2000 points
Done! Sampled 2000 points
Generating internal node with number of samples 2000...
Done!
Generating leaf with number of samples 2000...
Done!
Current mass: 0.0001231113885073733
Sampling 2000 test points
Done! Sampled 2000 test points
Computed internal score: 9.473421345642374e-05
Computed leaf score: 9.473421345642374e-05
Sampling 2000 points
Done! Sampled 2000 points
Generating internal node with number of samples 2000...
Done!
Generating leaf with number of samples 2000...
Done!
Current mass: 0.0003006537438527878
Sampling 2000 test points
Done! Sampled 2000 test points
Computed internal score: 0.00024999358801359306
Computed leaf score: 0.00024683672370313876
Current gain: 6.377665242020421e-05
Current score: 0.9280016157205969
Current size: 27
Internal node index: 1936
Sampling 2000 points
Done! Sampled 2000 points
Generating internal node with number of samples 2000...
Done!
Generating leaf with number of samples 2000...
Done!
Current mass: 0.0002942088252994853
Sampling 2000 test points
Done! Sampled 2000 test points
Computed internal score: 0.0002531666941702071
Computed leaf score: 0.0002483122485527656
Sampling 2000 points
Done! Sampled 2000 points
Generating internal node with number of samples 2000...
Done!
Generating leaf with number of samples 2000...
Done!
Current mass: 6.444918553302521e-06
Sampling 2000 test points
Done! Sampled 2000 test points
Computed internal score: 5.16560222047197e-06
Computed leaf score: 4.8498012113601465e-06
Current gain: 3.1568643104542974e-06
Current score: 0.9280047725849073
Current size: 29
Internal node index: 3873
Sampling 2000 points
Done! Sampled 2000 points
Generating internal node with number of samples 2000...
Done!
Generating leaf with number of samples 2000...
Done!
Current mass: 0.00028577174617016747
Sampling 2000 test points
Done! Sampled 2000 test points
Computed internal score: 0.0002459065875794291
Computed leaf score: 0.00023861940805208984
Sampling 2000 points
Done! Sampled 2000 points
Generating internal node with number of samples 2000...
Done!
Generating leaf with number of samples 2000...
Done!
Current mass: 8.437079129317801e-06
Sampling 2000 test points
Done! Sampled 2000 test points
Computed internal score: 7.163080180790813e-06
Computed leaf score: 7.260106590777968e-06
Current gain: 4.854445617441484e-06
Current score: 0.9280096270305248
Current size: 31
Reached maximum size, ending!
Leaf node index: 7747
Leaf node index: 242
Leaf node index: 3874
Leaf node index: 11
Leaf node index: 968
Leaf node index: 30
Leaf node index: 484
Leaf node index: 60
Leaf node index: 25
Leaf node index: 26
Leaf node index: 4
Leaf node index: 13
Leaf node index: 119
Leaf node index: 3
Leaf node index: 1935
Leaf node index: 7748
Decision tree:
(x[19] <= 0.5
    (x[1] <= 28.4585368152475
        0.0
        1.0)
    (x[2] <= 0.5021762847900391
        (x[0] <= 5.004292964935303
            0.0
            (x[6] <= 2.805896759033203
                0.0
                1.0))
        (x[1] <= 62.666385650634766
            0.0
            (x[5] <= 0.5039438903331757
                (x[16] <= 1.1299871802330017
                    (x[12] <= 0.9300357401371002
                        0.0
                        (x[17] <= 0.4973404258489609
                            (x[12] <= 0.9804067313671112
                                (x[10] <= 0.5001558214426041
                                    (x[0] <= 4.984758138656616
                                        1.0
                                        (x[3] <= 2.525780439376831
                                            (x[14] <= 0.9816312789916992
                                                0.0
                                                1.0)
                                            1.0))
                                    1.0)
                                1.0)
                            0.0))
                    1.0)
                1.0))))
Node count: 31
Relative training score: 0.9311603650586702
Relative test score: 0.9505247376311843
Training score: 0.8852009326567001
Test score: 0.8923271234606884
Training greedy decision tree
Done!
Node count: 31
Relative training score: 0.9546933667083854
Relative test score: 0.9578034682080926
Training score: 0.9021153593483118
Test score: 0.9027946537059538
rfTrainScore: 0.9413525649748266
rfTestScore: 0.9043151969981237
dtExtractRelTrainScore: 0.9311603650586702
dtExtractRelTestScore: 0.9505247376311843
dtExtractTrainScore: 0.8852009326567001
dtExtractTestScore: 0.8923271234606884
dtTrainRelTrainScore: 0.9546933667083854
dtTrainRelTestScore: 0.9578034682080926
dtTrainTrainScore: 0.9021153593483118
dtTrainTestScore: 0.9027946537059538
