Parsing CSV...
Reading file: ../tmp/dataset_diabetes/diabetic_data.csv
Done!
Rows read: 101766
Columns after: 2551
Column names after:
0: 7
1: 10
2: 11
3: 12
4: 13
5: 14
6: 15
7: 19
8: 47
9: 0_AfricanAmerican
10: 0_Asian
11: 0_Caucasian
12: 0_Hispanic
13: 0_Other
14: 0_nan
15: 1_Female
16: 1_Male
17: 1_Unknown/Invalid
18: 1_nan
19: 2_[0-10)
20: 2_[10-20)
21: 2_[20-30)
22: 2_[30-40)
23: 2_[40-50)
24: 2_[50-60)
25: 2_[60-70)
26: 2_[70-80)
27: 2_[80-90)
28: 2_[90-100)
29: 2_nan
30: 3_>200
31: 3_[0-25)
32: 3_[100-125)
33: 3_[125-150)
34: 3_[150-175)
35: 3_[175-200)
36: 3_[25-50)
37: 3_[50-75)
38: 3_[75-100)
39: 3_nan
40: 4_1
41: 4_2
42: 4_3
43: 4_4
44: 4_5
45: 4_6
46: 4_7
47: 4_8
48: 4_nan
49: 5_1
50: 5_10
51: 5_11
52: 5_12
53: 5_13
54: 5_14
55: 5_15
56: 5_16
57: 5_17
58: 5_18
59: 5_19
60: 5_2
61: 5_20
62: 5_22
63: 5_23
64: 5_24
65: 5_25
66: 5_27
67: 5_28
68: 5_3
69: 5_4
70: 5_5
71: 5_6
72: 5_7
73: 5_8
74: 5_9
75: 5_nan
76: 6_1
77: 6_10
78: 6_11
79: 6_13
80: 6_14
81: 6_17
82: 6_2
83: 6_20
84: 6_22
85: 6_25
86: 6_3
87: 6_4
88: 6_5
89: 6_6
90: 6_7
91: 6_8
92: 6_9
93: 6_nan
94: 8_BC
95: 8_CH
96: 8_CM
97: 8_CP
98: 8_DM
99: 8_FR
100: 8_HM
101: 8_MC
102: 8_MD
103: 8_MP
104: 8_OG
105: 8_OT
106: 8_PO
107: 8_SI
108: 8_SP
109: 8_UN
110: 8_WC
111: 8_nan
112: 9_AllergyandImmunology
113: 9_Anesthesiology
114: 9_Anesthesiology-Pediatric
115: 9_Cardiology
116: 9_Cardiology-Pediatric
117: 9_DCPTEAM
118: 9_Dentistry
119: 9_Dermatology
120: 9_Emergency/Trauma
121: 9_Endocrinology
122: 9_Endocrinology-Metabolism
123: 9_Family/GeneralPractice
124: 9_Gastroenterology
125: 9_Gynecology
126: 9_Hematology
127: 9_Hematology/Oncology
128: 9_Hospitalist
129: 9_InfectiousDiseases
130: 9_InternalMedicine
131: 9_Nephrology
132: 9_Neurology
133: 9_Neurophysiology
134: 9_Obsterics&Gynecology-GynecologicOnco
135: 9_Obstetrics
136: 9_ObstetricsandGynecology
137: 9_Oncology
138: 9_Ophthalmology
139: 9_Orthopedics
140: 9_Orthopedics-Reconstructive
141: 9_Osteopath
142: 9_Otolaryngology
143: 9_OutreachServices
144: 9_Pathology
145: 9_Pediatrics
146: 9_Pediatrics-AllergyandImmunology
147: 9_Pediatrics-CriticalCare
148: 9_Pediatrics-EmergencyMedicine
149: 9_Pediatrics-Endocrinology
150: 9_Pediatrics-Hematology-Oncology
151: 9_Pediatrics-InfectiousDiseases
152: 9_Pediatrics-Neurology
153: 9_Pediatrics-Pulmonology
154: 9_Perinatology
155: 9_PhysicalMedicineandRehabilitation
156: 9_PhysicianNotFound
157: 9_Podiatry
158: 9_Proctology
159: 9_Psychiatry
160: 9_Psychiatry-Addictive
161: 9_Psychiatry-Child/Adolescent
162: 9_Psychology
163: 9_Pulmonology
164: 9_Radiologist
165: 9_Radiology
166: 9_Resident
167: 9_Rheumatology
168: 9_Speech
169: 9_SportsMedicine
170: 9_Surgeon
171: 9_Surgery-Cardiovascular
172: 9_Surgery-Cardiovascular/Thoracic
173: 9_Surgery-Colon&Rectal
174: 9_Surgery-General
175: 9_Surgery-Maxillofacial
176: 9_Surgery-Neuro
177: 9_Surgery-Pediatric
178: 9_Surgery-Plastic
179: 9_Surgery-PlasticwithinHeadandNeck
180: 9_Surgery-Thoracic
181: 9_Surgery-Vascular
182: 9_SurgicalSpecialty
183: 9_Urology
184: 9_nan
185: 16_10
186: 16_11
187: 16_110
188: 16_112
189: 16_114
190: 16_115
191: 16_117
192: 16_131
193: 16_133
194: 16_135
195: 16_136
196: 16_141
197: 16_142
198: 16_143
199: 16_145
200: 16_146
201: 16_147
202: 16_148
203: 16_149
204: 16_150
205: 16_151
206: 16_152
207: 16_153
208: 16_154
209: 16_155
210: 16_156
211: 16_157
212: 16_158
213: 16_160
214: 16_161
215: 16_162
216: 16_163
217: 16_164
218: 16_170
219: 16_171
220: 16_172
221: 16_173
222: 16_174
223: 16_175
224: 16_179
225: 16_180
226: 16_182
227: 16_183
228: 16_184
229: 16_185
230: 16_187
231: 16_188
232: 16_189
233: 16_191
234: 16_192
235: 16_193
236: 16_194
237: 16_195
238: 16_196
239: 16_197
240: 16_198
241: 16_199
242: 16_200
243: 16_201
244: 16_202
245: 16_203
246: 16_204
247: 16_205
248: 16_207
249: 16_208
250: 16_210
251: 16_211
252: 16_212
253: 16_214
254: 16_215
255: 16_216
256: 16_217
257: 16_218
258: 16_219
259: 16_220
260: 16_223
261: 16_225
262: 16_226
263: 16_227
264: 16_228
265: 16_229
266: 16_23
267: 16_230
268: 16_233
269: 16_235
270: 16_236
271: 16_237
272: 16_238
273: 16_239
274: 16_240
275: 16_241
276: 16_242
277: 16_244
278: 16_245
279: 16_246
280: 16_250
281: 16_250.01
282: 16_250.02
283: 16_250.03
284: 16_250.1
285: 16_250.11
286: 16_250.12
287: 16_250.13
288: 16_250.2
289: 16_250.21
290: 16_250.22
291: 16_250.23
292: 16_250.3
293: 16_250.31
294: 16_250.32
295: 16_250.33
296: 16_250.4
297: 16_250.41
298: 16_250.42
299: 16_250.43
300: 16_250.5
301: 16_250.51
302: 16_250.52
303: 16_250.53
304: 16_250.6
305: 16_250.7
306: 16_250.8
307: 16_250.81
308: 16_250.82
309: 16_250.83
310: 16_250.9
311: 16_250.91
312: 16_250.92
313: 16_250.93
314: 16_251
315: 16_252
316: 16_253
317: 16_255
318: 16_261
319: 16_262
320: 16_263
321: 16_266
322: 16_27
323: 16_271
324: 16_272
325: 16_273
326: 16_274
327: 16_275
328: 16_276
329: 16_277
330: 16_278
331: 16_279
332: 16_280
333: 16_281
334: 16_282
335: 16_283
336: 16_284
337: 16_285
338: 16_286
339: 16_287
340: 16_288
341: 16_289
342: 16_290
343: 16_291
344: 16_292
345: 16_293
346: 16_294
347: 16_295
348: 16_296
349: 16_297
350: 16_298
351: 16_299
352: 16_3
353: 16_300
354: 16_301
355: 16_303
356: 16_304
357: 16_305
358: 16_306
359: 16_307
360: 16_308
361: 16_309
362: 16_31
363: 16_310
364: 16_311
365: 16_312
366: 16_314
367: 16_318
368: 16_320
369: 16_322
370: 16_323
371: 16_324
372: 16_325
373: 16_327
374: 16_331
375: 16_332
376: 16_333
377: 16_334
378: 16_335
379: 16_336
380: 16_337
381: 16_338
382: 16_34
383: 16_340
384: 16_341
385: 16_342
386: 16_344
387: 16_345
388: 16_346
389: 16_347
390: 16_348
391: 16_349
392: 16_35
393: 16_350
394: 16_351
395: 16_352
396: 16_353
397: 16_354
398: 16_355
399: 16_356
400: 16_357
401: 16_358
402: 16_359
403: 16_36
404: 16_360
405: 16_361
406: 16_362
407: 16_363
408: 16_365
409: 16_366
410: 16_368
411: 16_369
412: 16_370
413: 16_372
414: 16_373
415: 16_374
416: 16_375
417: 16_376
418: 16_377
419: 16_378
420: 16_379
421: 16_38
422: 16_380
423: 16_381
424: 16_382
425: 16_383
426: 16_384
427: 16_385
428: 16_386
429: 16_388
430: 16_389
431: 16_39
432: 16_391
433: 16_394
434: 16_395
435: 16_396
436: 16_397
437: 16_398
438: 16_401
439: 16_402
440: 16_403
441: 16_404
442: 16_405
443: 16_41
444: 16_410
445: 16_411
446: 16_412
447: 16_413
448: 16_414
449: 16_415
450: 16_416
451: 16_417
452: 16_42
453: 16_420
454: 16_421
455: 16_422
456: 16_423
457: 16_424
458: 16_425
459: 16_426
460: 16_427
461: 16_428
462: 16_429
463: 16_430
464: 16_431
465: 16_432
466: 16_433
467: 16_434
468: 16_435
469: 16_436
470: 16_437
471: 16_438
472: 16_440
473: 16_441
474: 16_442
475: 16_443
476: 16_444
477: 16_445
478: 16_446
479: 16_447
480: 16_448
481: 16_451
482: 16_452
483: 16_453
484: 16_454
485: 16_455
486: 16_456
487: 16_457
488: 16_458
489: 16_459
490: 16_461
491: 16_462
492: 16_463
493: 16_464
494: 16_465
495: 16_466
496: 16_47
497: 16_470
498: 16_471
499: 16_473
500: 16_474
501: 16_475
502: 16_477
503: 16_478
504: 16_48
505: 16_480
506: 16_481
507: 16_482
508: 16_483
509: 16_485
510: 16_486
511: 16_487
512: 16_49
513: 16_490
514: 16_491
515: 16_492
516: 16_493
517: 16_494
518: 16_495
519: 16_496
520: 16_5
521: 16_500
522: 16_501
523: 16_506
524: 16_507
525: 16_508
526: 16_510
527: 16_511
528: 16_512
529: 16_513
530: 16_514
531: 16_515
532: 16_516
533: 16_518
534: 16_519
535: 16_52
536: 16_521
537: 16_522
538: 16_523
539: 16_524
540: 16_526
541: 16_527
542: 16_528
543: 16_529
544: 16_53
545: 16_530
546: 16_531
547: 16_532
548: 16_533
549: 16_534
550: 16_535
551: 16_536
552: 16_537
553: 16_54
554: 16_540
555: 16_541
556: 16_542
557: 16_543
558: 16_550
559: 16_551
560: 16_552
561: 16_553
562: 16_555
563: 16_556
564: 16_557
565: 16_558
566: 16_560
567: 16_562
568: 16_564
569: 16_565
570: 16_566
571: 16_567
572: 16_568
573: 16_569
574: 16_57
575: 16_570
576: 16_571
577: 16_572
578: 16_573
579: 16_574
580: 16_575
581: 16_576
582: 16_577
583: 16_578
584: 16_579
585: 16_58
586: 16_580
587: 16_581
588: 16_582
589: 16_583
590: 16_584
591: 16_585
592: 16_586
593: 16_588
594: 16_590
595: 16_591
596: 16_592
597: 16_593
598: 16_594
599: 16_595
600: 16_596
601: 16_598
602: 16_599
603: 16_600
604: 16_601
605: 16_602
606: 16_603
607: 16_604
608: 16_605
609: 16_607
610: 16_608
611: 16_61
612: 16_610
613: 16_611
614: 16_614
615: 16_615
616: 16_616
617: 16_617
618: 16_618
619: 16_619
620: 16_620
621: 16_621
622: 16_622
623: 16_623
624: 16_625
625: 16_626
626: 16_627
627: 16_632
628: 16_633
629: 16_634
630: 16_637
631: 16_640
632: 16_641
633: 16_642
634: 16_643
635: 16_644
636: 16_645
637: 16_646
638: 16_647
639: 16_648
640: 16_649
641: 16_652
642: 16_653
643: 16_654
644: 16_655
645: 16_656
646: 16_657
647: 16_658
648: 16_659
649: 16_66
650: 16_660
651: 16_661
652: 16_663
653: 16_664
654: 16_665
655: 16_669
656: 16_671
657: 16_674
658: 16_680
659: 16_681
660: 16_682
661: 16_683
662: 16_684
663: 16_685
664: 16_686
665: 16_690
666: 16_691
667: 16_692
668: 16_693
669: 16_694
670: 16_695
671: 16_696
672: 16_698
673: 16_7
674: 16_70
675: 16_700
676: 16_703
677: 16_704
678: 16_705
679: 16_706
680: 16_707
681: 16_708
682: 16_709
683: 16_710
684: 16_711
685: 16_714
686: 16_715
687: 16_716
688: 16_717
689: 16_718
690: 16_719
691: 16_720
692: 16_721
693: 16_722
694: 16_723
695: 16_724
696: 16_725
697: 16_726
698: 16_727
699: 16_728
700: 16_729
701: 16_730
702: 16_731
703: 16_732
704: 16_733
705: 16_734
706: 16_735
707: 16_736
708: 16_737
709: 16_738
710: 16_745
711: 16_746
712: 16_747
713: 16_75
714: 16_751
715: 16_753
716: 16_756
717: 16_759
718: 16_78
719: 16_780
720: 16_781
721: 16_782
722: 16_783
723: 16_784
724: 16_785
725: 16_786
726: 16_787
727: 16_788
728: 16_789
729: 16_79
730: 16_790
731: 16_791
732: 16_792
733: 16_793
734: 16_794
735: 16_795
736: 16_796
737: 16_797
738: 16_799
739: 16_8
740: 16_800
741: 16_801
742: 16_802
743: 16_803
744: 16_804
745: 16_805
746: 16_806
747: 16_807
748: 16_808
749: 16_810
750: 16_812
751: 16_813
752: 16_814
753: 16_815
754: 16_816
755: 16_817
756: 16_82
757: 16_820
758: 16_821
759: 16_822
760: 16_823
761: 16_824
762: 16_825
763: 16_826
764: 16_827
765: 16_831
766: 16_832
767: 16_833
768: 16_834
769: 16_835
770: 16_836
771: 16_837
772: 16_838
773: 16_839
774: 16_84
775: 16_840
776: 16_842
777: 16_843
778: 16_844
779: 16_845
780: 16_846
781: 16_847
782: 16_848
783: 16_850
784: 16_851
785: 16_852
786: 16_853
787: 16_854
788: 16_860
789: 16_861
790: 16_862
791: 16_863
792: 16_864
793: 16_865
794: 16_866
795: 16_867
796: 16_868
797: 16_870
798: 16_871
799: 16_873
800: 16_875
801: 16_878
802: 16_879
803: 16_88
804: 16_880
805: 16_881
806: 16_882
807: 16_883
808: 16_885
809: 16_886
810: 16_890
811: 16_891
812: 16_892
813: 16_893
814: 16_895
815: 16_897
816: 16_9
817: 16_903
818: 16_904
819: 16_906
820: 16_911
821: 16_913
822: 16_914
823: 16_915
824: 16_916
825: 16_917
826: 16_919
827: 16_920
828: 16_921
829: 16_922
830: 16_923
831: 16_924
832: 16_928
833: 16_933
834: 16_934
835: 16_935
836: 16_936
837: 16_939
838: 16_94
839: 16_941
840: 16_942
841: 16_944
842: 16_945
843: 16_952
844: 16_955
845: 16_957
846: 16_958
847: 16_959
848: 16_962
849: 16_963
850: 16_964
851: 16_965
852: 16_966
853: 16_967
854: 16_968
855: 16_969
856: 16_97
857: 16_970
858: 16_971
859: 16_972
860: 16_973
861: 16_974
862: 16_975
863: 16_976
864: 16_977
865: 16_98
866: 16_980
867: 16_982
868: 16_983
869: 16_986
870: 16_987
871: 16_988
872: 16_989
873: 16_990
874: 16_991
875: 16_992
876: 16_994
877: 16_995
878: 16_996
879: 16_997
880: 16_998
881: 16_999
882: 16_E909
883: 16_V07
884: 16_V25
885: 16_V26
886: 16_V43
887: 16_V45
888: 16_V51
889: 16_V53
890: 16_V54
891: 16_V55
892: 16_V56
893: 16_V57
894: 16_V58
895: 16_V60
896: 16_V63
897: 16_V66
898: 16_V67
899: 16_V70
900: 16_V71
901: 16_nan
902: 17_11
903: 17_110
904: 17_111
905: 17_112
906: 17_114
907: 17_115
908: 17_117
909: 17_123
910: 17_130
911: 17_131
912: 17_135
913: 17_136
914: 17_137
915: 17_138
916: 17_140
917: 17_141
918: 17_145
919: 17_150
920: 17_151
921: 17_152
922: 17_153
923: 17_154
924: 17_155
925: 17_156
926: 17_157
927: 17_162
928: 17_163
929: 17_164
930: 17_171
931: 17_172
932: 17_173
933: 17_174
934: 17_179
935: 17_180
936: 17_182
937: 17_183
938: 17_185
939: 17_186
940: 17_188
941: 17_189
942: 17_191
943: 17_192
944: 17_193
945: 17_195
946: 17_196
947: 17_197
948: 17_198
949: 17_199
950: 17_200
951: 17_201
952: 17_202
953: 17_203
954: 17_204
955: 17_205
956: 17_208
957: 17_211
958: 17_212
959: 17_214
960: 17_215
961: 17_217
962: 17_218
963: 17_220
964: 17_223
965: 17_225
966: 17_226
967: 17_227
968: 17_228
969: 17_232
970: 17_233
971: 17_235
972: 17_238
973: 17_239
974: 17_240
975: 17_241
976: 17_242
977: 17_244
978: 17_245
979: 17_246
980: 17_250
981: 17_250.01
982: 17_250.02
983: 17_250.03
984: 17_250.1
985: 17_250.11
986: 17_250.12
987: 17_250.13
988: 17_250.2
989: 17_250.21
990: 17_250.22
991: 17_250.23
992: 17_250.3
993: 17_250.31
994: 17_250.32
995: 17_250.33
996: 17_250.4
997: 17_250.41
998: 17_250.42
999: 17_250.43
1000: 17_250.5
1001: 17_250.51
1002: 17_250.52
1003: 17_250.53
1004: 17_250.6
1005: 17_250.7
1006: 17_250.8
1007: 17_250.81
1008: 17_250.82
1009: 17_250.83
1010: 17_250.9
1011: 17_250.91
1012: 17_250.92
1013: 17_250.93
1014: 17_251
1015: 17_252
1016: 17_253
1017: 17_255
1018: 17_256
1019: 17_258
1020: 17_259
1021: 17_260
1022: 17_261
1023: 17_262
1024: 17_263
1025: 17_266
1026: 17_268
1027: 17_269
1028: 17_27
1029: 17_270
1030: 17_271
1031: 17_272
1032: 17_273
1033: 17_274
1034: 17_275
1035: 17_276
1036: 17_277
1037: 17_278
1038: 17_279
1039: 17_280
1040: 17_281
1041: 17_282
1042: 17_283
1043: 17_284
1044: 17_285
1045: 17_286
1046: 17_287
1047: 17_288
1048: 17_289
1049: 17_290
1050: 17_291
1051: 17_292
1052: 17_293
1053: 17_294
1054: 17_295
1055: 17_296
1056: 17_297
1057: 17_298
1058: 17_299
1059: 17_300
1060: 17_301
1061: 17_302
1062: 17_303
1063: 17_304
1064: 17_305
1065: 17_306
1066: 17_307
1067: 17_308
1068: 17_309
1069: 17_31
1070: 17_310
1071: 17_311
1072: 17_312
1073: 17_314
1074: 17_316
1075: 17_317
1076: 17_318
1077: 17_319
1078: 17_320
1079: 17_322
1080: 17_323
1081: 17_324
1082: 17_325
1083: 17_327
1084: 17_331
1085: 17_332
1086: 17_333
1087: 17_335
1088: 17_336
1089: 17_337
1090: 17_338
1091: 17_34
1092: 17_340
1093: 17_341
1094: 17_342
1095: 17_343
1096: 17_344
1097: 17_345
1098: 17_346
1099: 17_347
1100: 17_348
1101: 17_349
1102: 17_35
1103: 17_350
1104: 17_351
1105: 17_352
1106: 17_353
1107: 17_354
1108: 17_355
1109: 17_356
1110: 17_357
1111: 17_358
1112: 17_359
1113: 17_360
1114: 17_362
1115: 17_364
1116: 17_365
1117: 17_366
1118: 17_368
1119: 17_369
1120: 17_372
1121: 17_373
1122: 17_374
1123: 17_376
1124: 17_377
1125: 17_378
1126: 17_379
1127: 17_38
1128: 17_380
1129: 17_381
1130: 17_382
1131: 17_383
1132: 17_386
1133: 17_388
1134: 17_389
1135: 17_394
1136: 17_395
1137: 17_396
1138: 17_397
1139: 17_398
1140: 17_40
1141: 17_401
1142: 17_402
1143: 17_403
1144: 17_404
1145: 17_405
1146: 17_41
1147: 17_410
1148: 17_411
1149: 17_412
1150: 17_413
1151: 17_414
1152: 17_415
1153: 17_416
1154: 17_42
1155: 17_420
1156: 17_421
1157: 17_422
1158: 17_423
1159: 17_424
1160: 17_425
1161: 17_426
1162: 17_427
1163: 17_428
1164: 17_429
1165: 17_430
1166: 17_431
1167: 17_432
1168: 17_433
1169: 17_434
1170: 17_435
1171: 17_436
1172: 17_437
1173: 17_438
1174: 17_440
1175: 17_441
1176: 17_442
1177: 17_443
1178: 17_444
1179: 17_446
1180: 17_447
1181: 17_448
1182: 17_451
1183: 17_452
1184: 17_453
1185: 17_454
1186: 17_455
1187: 17_456
1188: 17_457
1189: 17_458
1190: 17_459
1191: 17_46
1192: 17_460
1193: 17_461
1194: 17_462
1195: 17_463
1196: 17_464
1197: 17_465
1198: 17_466
1199: 17_470
1200: 17_472
1201: 17_473
1202: 17_474
1203: 17_475
1204: 17_477
1205: 17_478
1206: 17_480
1207: 17_481
1208: 17_482
1209: 17_483
1210: 17_484
1211: 17_485
1212: 17_486
1213: 17_487
1214: 17_490
1215: 17_491
1216: 17_492
1217: 17_493
1218: 17_494
1219: 17_495
1220: 17_496
1221: 17_5
1222: 17_500
1223: 17_501
1224: 17_506
1225: 17_507
1226: 17_508
1227: 17_510
1228: 17_511
1229: 17_512
1230: 17_513
1231: 17_514
1232: 17_515
1233: 17_516
1234: 17_517
1235: 17_518
1236: 17_519
1237: 17_52
1238: 17_520
1239: 17_521
1240: 17_522
1241: 17_523
1242: 17_524
1243: 17_527
1244: 17_528
1245: 17_529
1246: 17_53
1247: 17_530
1248: 17_531
1249: 17_532
1250: 17_533
1251: 17_534
1252: 17_535
1253: 17_536
1254: 17_537
1255: 17_54
1256: 17_540
1257: 17_542
1258: 17_543
1259: 17_550
1260: 17_552
1261: 17_553
1262: 17_555
1263: 17_556
1264: 17_557
1265: 17_558
1266: 17_560
1267: 17_562
1268: 17_564
1269: 17_565
1270: 17_566
1271: 17_567
1272: 17_568
1273: 17_569
1274: 17_570
1275: 17_571
1276: 17_572
1277: 17_573
1278: 17_574
1279: 17_575
1280: 17_576
1281: 17_577
1282: 17_578
1283: 17_579
1284: 17_580
1285: 17_581
1286: 17_583
1287: 17_584
1288: 17_585
1289: 17_586
1290: 17_588
1291: 17_590
1292: 17_591
1293: 17_592
1294: 17_593
1295: 17_594
1296: 17_595
1297: 17_596
1298: 17_598
1299: 17_599
1300: 17_600
1301: 17_601
1302: 17_602
1303: 17_603
1304: 17_604
1305: 17_605
1306: 17_607
1307: 17_608
1308: 17_610
1309: 17_611
1310: 17_614
1311: 17_615
1312: 17_616
1313: 17_617
1314: 17_618
1315: 17_619
1316: 17_620
1317: 17_621
1318: 17_622
1319: 17_623
1320: 17_625
1321: 17_626
1322: 17_627
1323: 17_634
1324: 17_641
1325: 17_642
1326: 17_644
1327: 17_645
1328: 17_646
1329: 17_647
1330: 17_648
1331: 17_649
1332: 17_652
1333: 17_654
1334: 17_656
1335: 17_658
1336: 17_659
1337: 17_66
1338: 17_661
1339: 17_663
1340: 17_664
1341: 17_665
1342: 17_670
1343: 17_674
1344: 17_680
1345: 17_681
1346: 17_682
1347: 17_683
1348: 17_684
1349: 17_685
1350: 17_686
1351: 17_691
1352: 17_692
1353: 17_693
1354: 17_694
1355: 17_695
1356: 17_696
1357: 17_698
1358: 17_7
1359: 17_70
1360: 17_701
1361: 17_702
1362: 17_703
1363: 17_704
1364: 17_705
1365: 17_706
1366: 17_707
1367: 17_709
1368: 17_710
1369: 17_711
1370: 17_712
1371: 17_713
1372: 17_714
1373: 17_715
1374: 17_716
1375: 17_717
1376: 17_718
1377: 17_719
1378: 17_721
1379: 17_722
1380: 17_723
1381: 17_724
1382: 17_725
1383: 17_726
1384: 17_727
1385: 17_728
1386: 17_729
1387: 17_730
1388: 17_731
1389: 17_733
1390: 17_734
1391: 17_736
1392: 17_737
1393: 17_738
1394: 17_741
1395: 17_742
1396: 17_745
1397: 17_746
1398: 17_747
1399: 17_748
1400: 17_75
1401: 17_750
1402: 17_751
1403: 17_752
1404: 17_753
1405: 17_754
1406: 17_755
1407: 17_756
1408: 17_758
1409: 17_759
1410: 17_78
1411: 17_780
1412: 17_781
1413: 17_782
1414: 17_783
1415: 17_784
1416: 17_785
1417: 17_786
1418: 17_787
1419: 17_788
1420: 17_789
1421: 17_79
1422: 17_790
1423: 17_791
1424: 17_792
1425: 17_793
1426: 17_794
1427: 17_795
1428: 17_796
1429: 17_797
1430: 17_799
1431: 17_8
1432: 17_800
1433: 17_801
1434: 17_802
1435: 17_805
1436: 17_806
1437: 17_807
1438: 17_808
1439: 17_810
1440: 17_811
1441: 17_812
1442: 17_813
1443: 17_814
1444: 17_815
1445: 17_816
1446: 17_820
1447: 17_821
1448: 17_822
1449: 17_823
1450: 17_824
1451: 17_825
1452: 17_826
1453: 17_831
1454: 17_832
1455: 17_833
1456: 17_836
1457: 17_837
1458: 17_840
1459: 17_842
1460: 17_843
1461: 17_844
1462: 17_845
1463: 17_846
1464: 17_847
1465: 17_850
1466: 17_851
1467: 17_852
1468: 17_853
1469: 17_860
1470: 17_861
1471: 17_862
1472: 17_863
1473: 17_864
1474: 17_865
1475: 17_866
1476: 17_867
1477: 17_868
1478: 17_869
1479: 17_870
1480: 17_871
1481: 17_872
1482: 17_873
1483: 17_879
1484: 17_88
1485: 17_880
1486: 17_881
1487: 17_882
1488: 17_883
1489: 17_884
1490: 17_891
1491: 17_892
1492: 17_893
1493: 17_894
1494: 17_9
1495: 17_905
1496: 17_906
1497: 17_907
1498: 17_908
1499: 17_909
1500: 17_910
1501: 17_911
1502: 17_912
1503: 17_913
1504: 17_915
1505: 17_916
1506: 17_917
1507: 17_918
1508: 17_919
1509: 17_920
1510: 17_921
1511: 17_922
1512: 17_923
1513: 17_924
1514: 17_927
1515: 17_933
1516: 17_934
1517: 17_94
1518: 17_942
1519: 17_944
1520: 17_945
1521: 17_947
1522: 17_948
1523: 17_952
1524: 17_953
1525: 17_955
1526: 17_958
1527: 17_959
1528: 17_96
1529: 17_962
1530: 17_963
1531: 17_965
1532: 17_967
1533: 17_968
1534: 17_969
1535: 17_972
1536: 17_974
1537: 17_975
1538: 17_977
1539: 17_980
1540: 17_987
1541: 17_989
1542: 17_99
1543: 17_990
1544: 17_991
1545: 17_992
1546: 17_994
1547: 17_995
1548: 17_996
1549: 17_997
1550: 17_998
1551: 17_999
1552: 17_E812
1553: 17_E813
1554: 17_E814
1555: 17_E816
1556: 17_E817
1557: 17_E818
1558: 17_E819
1559: 17_E821
1560: 17_E826
1561: 17_E829
1562: 17_E849
1563: 17_E850
1564: 17_E853
1565: 17_E854
1566: 17_E858
1567: 17_E868
1568: 17_E870
1569: 17_E878
1570: 17_E879
1571: 17_E880
1572: 17_E881
1573: 17_E882
1574: 17_E883
1575: 17_E884
1576: 17_E885
1577: 17_E887
1578: 17_E888
1579: 17_E890
1580: 17_E900
1581: 17_E905
1582: 17_E906
1583: 17_E915
1584: 17_E916
1585: 17_E917
1586: 17_E918
1587: 17_E919
1588: 17_E924
1589: 17_E927
1590: 17_E928
1591: 17_E929
1592: 17_E930
1593: 17_E931
1594: 17_E932
1595: 17_E933
1596: 17_E934
1597: 17_E935
1598: 17_E936
1599: 17_E937
1600: 17_E938
1601: 17_E939
1602: 17_E941
1603: 17_E942
1604: 17_E944
1605: 17_E945
1606: 17_E947
1607: 17_E950
1608: 17_E965
1609: 17_E968
1610: 17_E980
1611: 17_V02
1612: 17_V03
1613: 17_V08
1614: 17_V09
1615: 17_V10
1616: 17_V11
1617: 17_V12
1618: 17_V13
1619: 17_V14
1620: 17_V15
1621: 17_V16
1622: 17_V17
1623: 17_V18
1624: 17_V23
1625: 17_V25
1626: 17_V42
1627: 17_V43
1628: 17_V44
1629: 17_V45
1630: 17_V46
1631: 17_V49
1632: 17_V50
1633: 17_V53
1634: 17_V54
1635: 17_V55
1636: 17_V57
1637: 17_V58
1638: 17_V60
1639: 17_V61
1640: 17_V62
1641: 17_V63
1642: 17_V64
1643: 17_V65
1644: 17_V66
1645: 17_V69
1646: 17_V70
1647: 17_V72
1648: 17_V85
1649: 17_V86
1650: 17_nan
1651: 18_11
1652: 18_110
1653: 18_111
1654: 18_112
1655: 18_115
1656: 18_117
1657: 18_122
1658: 18_123
1659: 18_131
1660: 18_132
1661: 18_135
1662: 18_136
1663: 18_138
1664: 18_139
1665: 18_14
1666: 18_141
1667: 18_146
1668: 18_148
1669: 18_150
1670: 18_151
1671: 18_152
1672: 18_153
1673: 18_154
1674: 18_155
1675: 18_156
1676: 18_157
1677: 18_158
1678: 18_161
1679: 18_162
1680: 18_163
1681: 18_164
1682: 18_17
1683: 18_170
1684: 18_171
1685: 18_172
1686: 18_173
1687: 18_174
1688: 18_175
1689: 18_179
1690: 18_180
1691: 18_182
1692: 18_183
1693: 18_185
1694: 18_186
1695: 18_188
1696: 18_189
1697: 18_191
1698: 18_192
1699: 18_193
1700: 18_195
1701: 18_196
1702: 18_197
1703: 18_198
1704: 18_199
1705: 18_200
1706: 18_201
1707: 18_202
1708: 18_203
1709: 18_204
1710: 18_205
1711: 18_208
1712: 18_211
1713: 18_214
1714: 18_215
1715: 18_216
1716: 18_217
1717: 18_218
1718: 18_220
1719: 18_223
1720: 18_225
1721: 18_226
1722: 18_227
1723: 18_228
1724: 18_230
1725: 18_233
1726: 18_235
1727: 18_236
1728: 18_238
1729: 18_239
1730: 18_240
1731: 18_241
1732: 18_242
1733: 18_243
1734: 18_244
1735: 18_245
1736: 18_246
1737: 18_250
1738: 18_250.01
1739: 18_250.02
1740: 18_250.03
1741: 18_250.1
1742: 18_250.11
1743: 18_250.12
1744: 18_250.13
1745: 18_250.2
1746: 18_250.21
1747: 18_250.22
1748: 18_250.23
1749: 18_250.3
1750: 18_250.31
1751: 18_250.4
1752: 18_250.41
1753: 18_250.42
1754: 18_250.43
1755: 18_250.5
1756: 18_250.51
1757: 18_250.52
1758: 18_250.53
1759: 18_250.6
1760: 18_250.7
1761: 18_250.8
1762: 18_250.81
1763: 18_250.82
1764: 18_250.83
1765: 18_250.9
1766: 18_250.91
1767: 18_250.92
1768: 18_250.93
1769: 18_251
1770: 18_252
1771: 18_253
1772: 18_255
1773: 18_256
1774: 18_258
1775: 18_259
1776: 18_260
1777: 18_261
1778: 18_262
1779: 18_263
1780: 18_265
1781: 18_266
1782: 18_268
1783: 18_27
1784: 18_270
1785: 18_271
1786: 18_272
1787: 18_273
1788: 18_274
1789: 18_275
1790: 18_276
1791: 18_277
1792: 18_278
1793: 18_279
1794: 18_280
1795: 18_281
1796: 18_282
1797: 18_283
1798: 18_284
1799: 18_285
1800: 18_286
1801: 18_287
1802: 18_288
1803: 18_289
1804: 18_290
1805: 18_291
1806: 18_292
1807: 18_293
1808: 18_294
1809: 18_295
1810: 18_296
1811: 18_297
1812: 18_298
1813: 18_299
1814: 18_3
1815: 18_300
1816: 18_301
1817: 18_303
1818: 18_304
1819: 18_305
1820: 18_306
1821: 18_307
1822: 18_308
1823: 18_309
1824: 18_310
1825: 18_311
1826: 18_312
1827: 18_313
1828: 18_314
1829: 18_315
1830: 18_317
1831: 18_318
1832: 18_319
1833: 18_323
1834: 18_327
1835: 18_331
1836: 18_332
1837: 18_333
1838: 18_334
1839: 18_335
1840: 18_336
1841: 18_337
1842: 18_338
1843: 18_34
1844: 18_340
1845: 18_341
1846: 18_342
1847: 18_343
1848: 18_344
1849: 18_345
1850: 18_346
1851: 18_347
1852: 18_348
1853: 18_349
1854: 18_35
1855: 18_350
1856: 18_351
1857: 18_353
1858: 18_354
1859: 18_355
1860: 18_356
1861: 18_357
1862: 18_358
1863: 18_359
1864: 18_360
1865: 18_361
1866: 18_362
1867: 18_365
1868: 18_365.44
1869: 18_366
1870: 18_368
1871: 18_369
1872: 18_370
1873: 18_372
1874: 18_373
1875: 18_374
1876: 18_376
1877: 18_377
1878: 18_378
1879: 18_379
1880: 18_38
1881: 18_380
1882: 18_381
1883: 18_382
1884: 18_383
1885: 18_384
1886: 18_385
1887: 18_386
1888: 18_387
1889: 18_388
1890: 18_389
1891: 18_391
1892: 18_394
1893: 18_395
1894: 18_396
1895: 18_397
1896: 18_398
1897: 18_401
1898: 18_402
1899: 18_403
1900: 18_404
1901: 18_405
1902: 18_41
1903: 18_410
1904: 18_411
1905: 18_412
1906: 18_413
1907: 18_414
1908: 18_415
1909: 18_416
1910: 18_417
1911: 18_42
1912: 18_420
1913: 18_421
1914: 18_423
1915: 18_424
1916: 18_425
1917: 18_426
1918: 18_427
1919: 18_428
1920: 18_429
1921: 18_430
1922: 18_431
1923: 18_432
1924: 18_433
1925: 18_434
1926: 18_435
1927: 18_436
1928: 18_437
1929: 18_438
1930: 18_440
1931: 18_441
1932: 18_442
1933: 18_443
1934: 18_444
1935: 18_445
1936: 18_446
1937: 18_447
1938: 18_448
1939: 18_451
1940: 18_452
1941: 18_453
1942: 18_454
1943: 18_455
1944: 18_456
1945: 18_457
1946: 18_458
1947: 18_459
1948: 18_460
1949: 18_461
1950: 18_462
1951: 18_463
1952: 18_464
1953: 18_465
1954: 18_466
1955: 18_47
1956: 18_470
1957: 18_472
1958: 18_473
1959: 18_475
1960: 18_477
1961: 18_478
1962: 18_480
1963: 18_481
1964: 18_482
1965: 18_483
1966: 18_484
1967: 18_485
1968: 18_486
1969: 18_487
1970: 18_49
1971: 18_490
1972: 18_491
1973: 18_492
1974: 18_493
1975: 18_494
1976: 18_495
1977: 18_496
1978: 18_5
1979: 18_500
1980: 18_501
1981: 18_506
1982: 18_507
1983: 18_508
1984: 18_510
1985: 18_511
1986: 18_512
1987: 18_514
1988: 18_515
1989: 18_516
1990: 18_517
1991: 18_518
1992: 18_519
1993: 18_521
1994: 18_522
1995: 18_523
1996: 18_524
1997: 18_525
1998: 18_527
1999: 18_528
2000: 18_529
2001: 18_53
2002: 18_530
2003: 18_531
2004: 18_532
2005: 18_533
2006: 18_534
2007: 18_535
2008: 18_536
2009: 18_537
2010: 18_538
2011: 18_54
2012: 18_540
2013: 18_542
2014: 18_543
2015: 18_550
2016: 18_552
2017: 18_553
2018: 18_555
2019: 18_556
2020: 18_557
2021: 18_558
2022: 18_560
2023: 18_562
2024: 18_564
2025: 18_565
2026: 18_566
2027: 18_567
2028: 18_568
2029: 18_569
2030: 18_57
2031: 18_570
2032: 18_571
2033: 18_572
2034: 18_573
2035: 18_574
2036: 18_575
2037: 18_576
2038: 18_577
2039: 18_578
2040: 18_579
2041: 18_580
2042: 18_581
2043: 18_582
2044: 18_583
2045: 18_584
2046: 18_585
2047: 18_586
2048: 18_588
2049: 18_590
2050: 18_591
2051: 18_592
2052: 18_593
2053: 18_594
2054: 18_595
2055: 18_596
2056: 18_597
2057: 18_598
2058: 18_599
2059: 18_600
2060: 18_601
2061: 18_602
2062: 18_603
2063: 18_604
2064: 18_605
2065: 18_607
2066: 18_608
2067: 18_610
2068: 18_611
2069: 18_614
2070: 18_616
2071: 18_617
2072: 18_618
2073: 18_619
2074: 18_620
2075: 18_621
2076: 18_622
2077: 18_623
2078: 18_624
2079: 18_625
2080: 18_626
2081: 18_627
2082: 18_641
2083: 18_642
2084: 18_643
2085: 18_644
2086: 18_646
2087: 18_647
2088: 18_648
2089: 18_649
2090: 18_652
2091: 18_653
2092: 18_654
2093: 18_655
2094: 18_656
2095: 18_657
2096: 18_658
2097: 18_659
2098: 18_66
2099: 18_660
2100: 18_661
2101: 18_663
2102: 18_664
2103: 18_665
2104: 18_669
2105: 18_670
2106: 18_671
2107: 18_674
2108: 18_680
2109: 18_681
2110: 18_682
2111: 18_684
2112: 18_685
2113: 18_686
2114: 18_690
2115: 18_692
2116: 18_693
2117: 18_694
2118: 18_695
2119: 18_696
2120: 18_697
2121: 18_698
2122: 18_7
2123: 18_70
2124: 18_701
2125: 18_702
2126: 18_703
2127: 18_704
2128: 18_705
2129: 18_706
2130: 18_707
2131: 18_708
2132: 18_709
2133: 18_710
2134: 18_711
2135: 18_712
2136: 18_713
2137: 18_714
2138: 18_715
2139: 18_716
2140: 18_717
2141: 18_718
2142: 18_719
2143: 18_720
2144: 18_721
2145: 18_722
2146: 18_723
2147: 18_724
2148: 18_725
2149: 18_726
2150: 18_727
2151: 18_728
2152: 18_729
2153: 18_730
2154: 18_731
2155: 18_732
2156: 18_733
2157: 18_734
2158: 18_735
2159: 18_736
2160: 18_737
2161: 18_738
2162: 18_741
2163: 18_742
2164: 18_744
2165: 18_745
2166: 18_746
2167: 18_747
2168: 18_75
2169: 18_750
2170: 18_751
2171: 18_752
2172: 18_753
2173: 18_754
2174: 18_755
2175: 18_756
2176: 18_757
2177: 18_758
2178: 18_759
2179: 18_78
2180: 18_780
2181: 18_781
2182: 18_782
2183: 18_783
2184: 18_784
2185: 18_785
2186: 18_786
2187: 18_787
2188: 18_788
2189: 18_789
2190: 18_79
2191: 18_790
2192: 18_791
2193: 18_792
2194: 18_793
2195: 18_794
2196: 18_795
2197: 18_796
2198: 18_797
2199: 18_799
2200: 18_8
2201: 18_800
2202: 18_801
2203: 18_802
2204: 18_805
2205: 18_807
2206: 18_808
2207: 18_810
2208: 18_811
2209: 18_812
2210: 18_813
2211: 18_814
2212: 18_815
2213: 18_816
2214: 18_820
2215: 18_821
2216: 18_822
2217: 18_823
2218: 18_824
2219: 18_825
2220: 18_826
2221: 18_831
2222: 18_834
2223: 18_836
2224: 18_837
2225: 18_838
2226: 18_840
2227: 18_841
2228: 18_842
2229: 18_844
2230: 18_845
2231: 18_847
2232: 18_848
2233: 18_850
2234: 18_851
2235: 18_852
2236: 18_853
2237: 18_854
2238: 18_860
2239: 18_861
2240: 18_862
2241: 18_863
2242: 18_864
2243: 18_865
2244: 18_866
2245: 18_867
2246: 18_868
2247: 18_870
2248: 18_871
2249: 18_872
2250: 18_873
2251: 18_875
2252: 18_876
2253: 18_877
2254: 18_879
2255: 18_88
2256: 18_880
2257: 18_881
2258: 18_882
2259: 18_883
2260: 18_884
2261: 18_890
2262: 18_891
2263: 18_892
2264: 18_893
2265: 18_9
2266: 18_905
2267: 18_906
2268: 18_907
2269: 18_908
2270: 18_909
2271: 18_910
2272: 18_911
2273: 18_912
2274: 18_913
2275: 18_915
2276: 18_916
2277: 18_917
2278: 18_918
2279: 18_919
2280: 18_920
2281: 18_921
2282: 18_922
2283: 18_923
2284: 18_924
2285: 18_928
2286: 18_930
2287: 18_933
2288: 18_934
2289: 18_935
2290: 18_94
2291: 18_942
2292: 18_943
2293: 18_944
2294: 18_945
2295: 18_948
2296: 18_951
2297: 18_952
2298: 18_953
2299: 18_955
2300: 18_956
2301: 18_958
2302: 18_959
2303: 18_962
2304: 18_965
2305: 18_966
2306: 18_967
2307: 18_969
2308: 18_970
2309: 18_971
2310: 18_972
2311: 18_980
2312: 18_987
2313: 18_989
2314: 18_991
2315: 18_992
2316: 18_995
2317: 18_996
2318: 18_997
2319: 18_998
2320: 18_999
2321: 18_E812
2322: 18_E813
2323: 18_E815
2324: 18_E816
2325: 18_E817
2326: 18_E818
2327: 18_E819
2328: 18_E822
2329: 18_E825
2330: 18_E826
2331: 18_E828
2332: 18_E849
2333: 18_E850
2334: 18_E852
2335: 18_E853
2336: 18_E854
2337: 18_E855
2338: 18_E858
2339: 18_E861
2340: 18_E864
2341: 18_E865
2342: 18_E870
2343: 18_E876
2344: 18_E878
2345: 18_E879
2346: 18_E880
2347: 18_E881
2348: 18_E882
2349: 18_E883
2350: 18_E884
2351: 18_E885
2352: 18_E886
2353: 18_E887
2354: 18_E888
2355: 18_E892
2356: 18_E894
2357: 18_E900
2358: 18_E901
2359: 18_E904
2360: 18_E905
2361: 18_E906
2362: 18_E912
2363: 18_E915
2364: 18_E916
2365: 18_E917
2366: 18_E919
2367: 18_E920
2368: 18_E922
2369: 18_E924
2370: 18_E927
2371: 18_E928
2372: 18_E929
2373: 18_E930
2374: 18_E931
2375: 18_E932
2376: 18_E933
2377: 18_E934
2378: 18_E935
2379: 18_E936
2380: 18_E937
2381: 18_E938
2382: 18_E939
2383: 18_E941
2384: 18_E942
2385: 18_E943
2386: 18_E944
2387: 18_E945
2388: 18_E946
2389: 18_E947
2390: 18_E949
2391: 18_E950
2392: 18_E955
2393: 18_E956
2394: 18_E965
2395: 18_E966
2396: 18_E980
2397: 18_E987
2398: 18_V01
2399: 18_V02
2400: 18_V03
2401: 18_V06
2402: 18_V07
2403: 18_V08
2404: 18_V09
2405: 18_V10
2406: 18_V11
2407: 18_V12
2408: 18_V13
2409: 18_V14
2410: 18_V15
2411: 18_V16
2412: 18_V17
2413: 18_V18
2414: 18_V22
2415: 18_V23
2416: 18_V25
2417: 18_V27
2418: 18_V42
2419: 18_V43
2420: 18_V44
2421: 18_V45
2422: 18_V46
2423: 18_V49
2424: 18_V53
2425: 18_V54
2426: 18_V55
2427: 18_V57
2428: 18_V58
2429: 18_V60
2430: 18_V61
2431: 18_V62
2432: 18_V63
2433: 18_V64
2434: 18_V65
2435: 18_V66
2436: 18_V70
2437: 18_V72
2438: 18_V85
2439: 18_V86
2440: 18_nan
2441: 20_>200
2442: 20_>300
2443: 20_None
2444: 20_Norm
2445: 20_nan
2446: 21_>7
2447: 21_>8
2448: 21_None
2449: 21_Norm
2450: 21_nan
2451: 22_Down
2452: 22_No
2453: 22_Steady
2454: 22_Up
2455: 22_nan
2456: 23_Down
2457: 23_No
2458: 23_Steady
2459: 23_Up
2460: 23_nan
2461: 24_Down
2462: 24_No
2463: 24_Steady
2464: 24_Up
2465: 24_nan
2466: 25_Down
2467: 25_No
2468: 25_Steady
2469: 25_Up
2470: 25_nan
2471: 26_Down
2472: 26_No
2473: 26_Steady
2474: 26_Up
2475: 26_nan
2476: 27_No
2477: 27_Steady
2478: 27_nan
2479: 28_Down
2480: 28_No
2481: 28_Steady
2482: 28_Up
2483: 28_nan
2484: 29_Down
2485: 29_No
2486: 29_Steady
2487: 29_Up
2488: 29_nan
2489: 30_No
2490: 30_Steady
2491: 30_nan
2492: 31_Down
2493: 31_No
2494: 31_Steady
2495: 31_Up
2496: 31_nan
2497: 32_Down
2498: 32_No
2499: 32_Steady
2500: 32_Up
2501: 32_nan
2502: 33_Down
2503: 33_No
2504: 33_Steady
2505: 33_Up
2506: 33_nan
2507: 34_Down
2508: 34_No
2509: 34_Steady
2510: 34_Up
2511: 34_nan
2512: 35_No
2513: 35_Steady
2514: 35_nan
2515: 36_No
2516: 36_Steady
2517: 36_Up
2518: 36_nan
2519: 37_No
2520: 37_nan
2521: 38_No
2522: 38_nan
2523: 39_Down
2524: 39_No
2525: 39_Steady
2526: 39_Up
2527: 39_nan
2528: 40_Down
2529: 40_No
2530: 40_Steady
2531: 40_Up
2532: 40_nan
2533: 41_No
2534: 41_Steady
2535: 41_nan
2536: 42_No
2537: 42_Steady
2538: 42_nan
2539: 43_No
2540: 43_Steady
2541: 43_nan
2542: 44_No
2543: 44_Steady
2544: 44_nan
2545: 45_Ch
2546: 45_No
2547: 45_nan
2548: 46_No
2549: 46_Yes
2550: 46_nan

Done!
Splitting into training and test...
Done!
Constructing data matrices...
Done!
Training random forest...
